[0.719s] Invoking command in '/home/fsowinski/ros2_ws/src/arm_control': PYTHONPATH=/home/fsowinski/ros2_ws/build/arm_control/prefix_override:/home/fsowinski/ros2_ws/install/arm_control/lib/python3.10/site-packages:${PYTHONPATH} /usr/bin/python3 setup.py egg_info --egg-base ../../build/arm_control build --build-base /home/fsowinski/ros2_ws/build/arm_control/build install --record /home/fsowinski/ros2_ws/build/arm_control/install.log --single-version-externally-managed
[0.961s] running egg_info
[0.962s] writing ../../build/arm_control/arm_control.egg-info/PKG-INFO
[0.962s] writing dependency_links to ../../build/arm_control/arm_control.egg-info/dependency_links.txt
[0.963s] writing entry points to ../../build/arm_control/arm_control.egg-info/entry_points.txt
[0.963s] writing requirements to ../../build/arm_control/arm_control.egg-info/requires.txt
[0.963s] writing top-level names to ../../build/arm_control/arm_control.egg-info/top_level.txt
[0.965s] reading manifest file '../../build/arm_control/arm_control.egg-info/SOURCES.txt'
[0.966s] writing manifest file '../../build/arm_control/arm_control.egg-info/SOURCES.txt'
[0.966s] running build
[0.967s] running build_py
[0.967s] running install
[0.967s] /usr/lib/python3/dist-packages/setuptools/command/install.py:34: SetuptoolsDeprecationWarning: setup.py install is deprecated. Use build and pip and other standards-based tools.
[0.967s]   warnings.warn(
[0.968s] running install_lib
[0.969s] running install_data
[0.970s] running install_egg_info
[0.972s] removing '/home/fsowinski/ros2_ws/install/arm_control/lib/python3.10/site-packages/arm_control-0.0.0-py3.10.egg-info' (and everything under it)
[0.972s] Copying ../../build/arm_control/arm_control.egg-info to /home/fsowinski/ros2_ws/install/arm_control/lib/python3.10/site-packages/arm_control-0.0.0-py3.10.egg-info
[0.973s] running install_scripts
[1.000s] Installing camera_node script to /home/fsowinski/ros2_ws/install/arm_control/lib/arm_control
[1.000s] Installing ur_node script to /home/fsowinski/ros2_ws/install/arm_control/lib/arm_control
[1.001s] writing list of installed files to '/home/fsowinski/ros2_ws/build/arm_control/install.log'
[1.048s] Invoked command in '/home/fsowinski/ros2_ws/src/arm_control' returned '0': PYTHONPATH=/home/fsowinski/ros2_ws/build/arm_control/prefix_override:/home/fsowinski/ros2_ws/install/arm_control/lib/python3.10/site-packages:${PYTHONPATH} /usr/bin/python3 setup.py egg_info --egg-base ../../build/arm_control build --build-base /home/fsowinski/ros2_ws/build/arm_control/build install --record /home/fsowinski/ros2_ws/build/arm_control/install.log --single-version-externally-managed
