[1.138s] Invoking command in '/home/fsowinski/ros2_ws/src/arm_control': PYTHONPATH=/home/fsowinski/ros2_ws/build/arm_control/prefix_override:/home/fsowinski/ros2_ws/install/arm_control/lib/python3.10/site-packages:${PYTHONPATH} /usr/bin/python3 setup.py egg_info --egg-base ../../build/arm_control build --build-base /home/fsowinski/ros2_ws/build/arm_control/build install --record /home/fsowinski/ros2_ws/build/arm_control/install.log --single-version-externally-managed
[1.567s] running egg_info
[1.568s] writing ../../build/arm_control/arm_control.egg-info/PKG-INFO
[1.569s] writing dependency_links to ../../build/arm_control/arm_control.egg-info/dependency_links.txt
[1.569s] writing entry points to ../../build/arm_control/arm_control.egg-info/entry_points.txt
[1.569s] writing requirements to ../../build/arm_control/arm_control.egg-info/requires.txt
[1.569s] writing top-level names to ../../build/arm_control/arm_control.egg-info/top_level.txt
[1.572s] reading manifest file '../../build/arm_control/arm_control.egg-info/SOURCES.txt'
[1.574s] writing manifest file '../../build/arm_control/arm_control.egg-info/SOURCES.txt'
[1.574s] running build
[1.574s] running build_py
[1.574s] copying arm_control/camera_node.py -> /home/fsowinski/ros2_ws/build/arm_control/build/lib/arm_control
[1.575s] running install
[1.575s] /usr/lib/python3/dist-packages/setuptools/command/install.py:34: SetuptoolsDeprecationWarning: setup.py install is deprecated. Use build and pip and other standards-based tools.
[1.575s]   warnings.warn(
[1.576s] running install_lib
[1.577s] copying /home/fsowinski/ros2_ws/build/arm_control/build/lib/arm_control/camera_node.py -> /home/fsowinski/ros2_ws/install/arm_control/lib/python3.10/site-packages/arm_control
[1.578s] byte-compiling /home/fsowinski/ros2_ws/install/arm_control/lib/python3.10/site-packages/arm_control/camera_node.py to camera_node.cpython-310.pyc
[1.578s] running install_data
[1.579s] running install_egg_info
[1.581s] removing '/home/fsowinski/ros2_ws/install/arm_control/lib/python3.10/site-packages/arm_control-0.0.0-py3.10.egg-info' (and everything under it)
[1.582s] Copying ../../build/arm_control/arm_control.egg-info to /home/fsowinski/ros2_ws/install/arm_control/lib/python3.10/site-packages/arm_control-0.0.0-py3.10.egg-info
[1.583s] running install_scripts
[1.625s] Installing camera_node script to /home/fsowinski/ros2_ws/install/arm_control/lib/arm_control
[1.625s] Installing ur_node script to /home/fsowinski/ros2_ws/install/arm_control/lib/arm_control
[1.625s] writing list of installed files to '/home/fsowinski/ros2_ws/build/arm_control/install.log'
[1.689s] Invoked command in '/home/fsowinski/ros2_ws/src/arm_control' returned '0': PYTHONPATH=/home/fsowinski/ros2_ws/build/arm_control/prefix_override:/home/fsowinski/ros2_ws/install/arm_control/lib/python3.10/site-packages:${PYTHONPATH} /usr/bin/python3 setup.py egg_info --egg-base ../../build/arm_control build --build-base /home/fsowinski/ros2_ws/build/arm_control/build install --record /home/fsowinski/ros2_ws/build/arm_control/install.log --single-version-externally-managed
