[0.634s] Invoking command in '/home/fsowinski/ros2_ws/src/arm_control': PYTHONPATH=/home/fsowinski/ros2_ws/build/arm_control/prefix_override:/home/fsowinski/ros2_ws/install/arm_control/lib/python3.10/site-packages:${PYTHONPATH} /usr/bin/python3 setup.py egg_info --egg-base ../../build/arm_control build --build-base /home/fsowinski/ros2_ws/build/arm_control/build install --record /home/fsowinski/ros2_ws/build/arm_control/install.log --single-version-externally-managed
[0.874s] running egg_info
[0.875s] writing ../../build/arm_control/arm_control.egg-info/PKG-INFO
[0.875s] writing dependency_links to ../../build/arm_control/arm_control.egg-info/dependency_links.txt
[0.875s] writing entry points to ../../build/arm_control/arm_control.egg-info/entry_points.txt
[0.875s] writing requirements to ../../build/arm_control/arm_control.egg-info/requires.txt
[0.875s] writing top-level names to ../../build/arm_control/arm_control.egg-info/top_level.txt
[0.877s] reading manifest file '../../build/arm_control/arm_control.egg-info/SOURCES.txt'
[0.878s] writing manifest file '../../build/arm_control/arm_control.egg-info/SOURCES.txt'
[0.878s] running build
[0.878s] running build_py
[0.878s] copying arm_control/camera_node.py -> /home/fsowinski/ros2_ws/build/arm_control/build/lib/arm_control
[0.879s] running install
[0.879s] /usr/lib/python3/dist-packages/setuptools/command/install.py:34: SetuptoolsDeprecationWarning: setup.py install is deprecated. Use build and pip and other standards-based tools.
[0.879s]   warnings.warn(
[0.879s] running install_lib
[0.880s] copying /home/fsowinski/ros2_ws/build/arm_control/build/lib/arm_control/camera_node.py -> /home/fsowinski/ros2_ws/install/arm_control/lib/python3.10/site-packages/arm_control
[0.880s] byte-compiling /home/fsowinski/ros2_ws/install/arm_control/lib/python3.10/site-packages/arm_control/camera_node.py to camera_node.cpython-310.pyc
[0.881s] running install_data
[0.881s] running install_egg_info
[0.883s] removing '/home/fsowinski/ros2_ws/install/arm_control/lib/python3.10/site-packages/arm_control-0.0.0-py3.10.egg-info' (and everything under it)
[0.883s] Copying ../../build/arm_control/arm_control.egg-info to /home/fsowinski/ros2_ws/install/arm_control/lib/python3.10/site-packages/arm_control-0.0.0-py3.10.egg-info
[0.883s] running install_scripts
[0.904s] Installing camera_node script to /home/fsowinski/ros2_ws/install/arm_control/lib/arm_control
[0.904s] Installing ur_node script to /home/fsowinski/ros2_ws/install/arm_control/lib/arm_control
[0.904s] writing list of installed files to '/home/fsowinski/ros2_ws/build/arm_control/install.log'
[0.936s] Invoked command in '/home/fsowinski/ros2_ws/src/arm_control' returned '0': PYTHONPATH=/home/fsowinski/ros2_ws/build/arm_control/prefix_override:/home/fsowinski/ros2_ws/install/arm_control/lib/python3.10/site-packages:${PYTHONPATH} /usr/bin/python3 setup.py egg_info --egg-base ../../build/arm_control build --build-base /home/fsowinski/ros2_ws/build/arm_control/build install --record /home/fsowinski/ros2_ws/build/arm_control/install.log --single-version-externally-managed
