[0.684s] Invoking command in '/home/fsowinski/ros2_ws/src/arm_control': PYTHONPATH=/home/fsowinski/ros2_ws/build/arm_control/prefix_override:/home/fsowinski/ros2_ws/install/arm_control/lib/python3.10/site-packages:${PYTHONPATH} /usr/bin/python3 setup.py egg_info --egg-base ../../build/arm_control build --build-base /home/fsowinski/ros2_ws/build/arm_control/build install --record /home/fsowinski/ros2_ws/build/arm_control/install.log --single-version-externally-managed
[0.913s] running egg_info
[0.914s] writing ../../build/arm_control/arm_control.egg-info/PKG-INFO
[0.914s] writing dependency_links to ../../build/arm_control/arm_control.egg-info/dependency_links.txt
[0.914s] writing entry points to ../../build/arm_control/arm_control.egg-info/entry_points.txt
[0.914s] writing requirements to ../../build/arm_control/arm_control.egg-info/requires.txt
[0.915s] writing top-level names to ../../build/arm_control/arm_control.egg-info/top_level.txt
[0.916s] reading manifest file '../../build/arm_control/arm_control.egg-info/SOURCES.txt'
[0.917s] writing manifest file '../../build/arm_control/arm_control.egg-info/SOURCES.txt'
[0.917s] running build
[0.917s] running build_py
[0.917s] /usr/lib/python3/dist-packages/setuptools/command/install.py:34: SetuptoolsDeprecationWarning: setup.py install is deprecated. Use build and pip and other standards-based tools.
[0.918s]   warnings.warn(
[0.918s] running install
[0.918s] running install_lib
[0.919s] running install_data
[0.919s] running install_egg_info
[0.920s] removing '/home/fsowinski/ros2_ws/install/arm_control/lib/python3.10/site-packages/arm_control-0.0.0-py3.10.egg-info' (and everything under it)
[0.921s] Copying ../../build/arm_control/arm_control.egg-info to /home/fsowinski/ros2_ws/install/arm_control/lib/python3.10/site-packages/arm_control-0.0.0-py3.10.egg-info
[0.921s] running install_scripts
[0.944s] Installing camera_node script to /home/fsowinski/ros2_ws/install/arm_control/lib/arm_control
[0.945s] writing list of installed files to '/home/fsowinski/ros2_ws/build/arm_control/install.log'
[0.996s] Invoked command in '/home/fsowinski/ros2_ws/src/arm_control' returned '0': PYTHONPATH=/home/fsowinski/ros2_ws/build/arm_control/prefix_override:/home/fsowinski/ros2_ws/install/arm_control/lib/python3.10/site-packages:${PYTHONPATH} /usr/bin/python3 setup.py egg_info --egg-base ../../build/arm_control build --build-base /home/fsowinski/ros2_ws/build/arm_control/build install --record /home/fsowinski/ros2_ws/build/arm_control/install.log --single-version-externally-managed
